# JRE version: OpenJDK Runtime Environment JBR-17.0.12+1-1087.25-jcef (17.0.12+1) (build 17.0.12+1-b1087.25)
# Java VM: OpenJDK 64-Bit Server VM JBR-17.0.12+1-1087.25-jcef (17.0.12+1-b1087.25, mixed mode, tiered, compressed oops, compressed class ptrs, g1 gc, windows-amd64)
GC Precious Log:
 CPUs: 8 total, 8 available
 Memory: 16082M
 Large Page Support: Disabled
 NUMA Support: Disabled
 Compressed Oops: Enabled (32-bit)
 Heap Region Size: 1M
 Heap Min Capacity: 8M
 Heap Initial Capacity: 252M
 Heap Max Capacity: 512M
 Pre-touch: Disabled
 Parallel Workers: 8
 Concurrent Workers: 2
 Concurrent Refinement Workers: 8
 Periodic GC: Disabled
Heap:
 garbage-first heap   total 151552K, used 58103K [0x00000000e0000000, 0x0000000100000000)
  region size 1024K, 6 young (6144K), 1 survivors (1024K)
 Metaspace       used 33732K, committed 33984K, reserved 1114112K
  class space    used 3433K, committed 3584K, reserved 1048576K
GC Heap History (20 events):
Event: 19565.447 GC heap after
{Heap after GC invocations=678 (full 106):
 garbage-first heap   total 40960K, used 10992K [0x00000000e0000000, 0x0000000100000000)
  region size 1024K, 1 young (1024K), 1 survivors (1024K)
 Metaspace       used 33727K, committed 33984K, reserved 1114112K
  class space    used 3433K, committed 3584K, reserved 1048576K
}
Event: 19565.447 GC heap before
{Heap before GC invocations=678 (full 106):
 garbage-first heap   total 40960K, used 17136K [0x00000000e0000000, 0x0000000100000000)
  region size 1024K, 2 young (2048K), 1 survivors (1024K)
 Metaspace       used 33727K, committed 33984K, reserved 1114112K
  class space    used 3433K, committed 3584K, reserved 1048576K
}
Event: 19565.449 GC heap after
{Heap after GC invocations=679 (full 106):
 garbage-first heap   total 149504K, used 10995K [0x00000000e0000000, 0x0000000100000000)
  region size 1024K, 1 young (1024K), 1 survivors (1024K)
 Metaspace       used 33727K, committed 33984K, reserved 1114112K
  class space    used 3433K, committed 3584K, reserved 1048576K
}
Event: 19565.760 GC heap before
{Heap before GC invocations=679 (full 106):
 garbage-first heap   total 149504K, used 58099K [0x00000000e0000000, 0x0000000100000000)
  region size 1024K, 6 young (6144K), 1 survivors (1024K)
 Metaspace       used 33729K, committed 33984K, reserved 1114112K
  class space    used 3433K, committed 3584K, reserved 1048576K
}
Event: 19565.787 GC heap after
{Heap after GC invocations=680 (full 107):
 garbage-first heap   total 48128K, used 10950K [0x00000000e0000000, 0x0000000100000000)
  region size 1024K, 0 young (0K), 0 survivors (0K)
 Metaspace       used 33729K, committed 33984K, reserved 1114112K
  class space    used 3433K, committed 3584K, reserved 1048576K
}
Event: 19594.065 GC heap before
{Heap before GC invocations=680 (full 107):
 garbage-first heap   total 48128K, used 11974K [0x00000000e0000000, 0x0000000100000000)
  region size 1024K, 2 young (2048K), 0 survivors (0K)
 Metaspace       used 33729K, committed 33984K, reserved 1114112K
  class space    used 3433K, committed 3584K, reserved 1048576K
}
Event: 19594.092 GC heap after
{Heap after GC invocations=681 (full 108):
 garbage-first heap   total 45056K, used 10949K [0x00000000e0000000, 0x0000000100000000)
  region size 1024K, 0 young (0K), 0 survivors (0K)
 Metaspace       used 33729K, committed 33984K, reserved 1114112K
  class space    used 3433K, committed 3584K, reserved 1048576K
}
Event: 19594.430 GC heap before
{Heap before GC invocations=681 (full 108):
 garbage-first heap   total 45056K, used 18117K [0x00000000e0000000, 0x0000000100000000)
  region size 1024K, 2 young (2048K), 0 survivors (0K)
 Metaspace       used 33731K, committed 33984K, reserved 1114112K
  class space    used 3433K, committed 3584K, reserved 1048576K
}
Event: 19594.431 GC heap after
{Heap after GC invocations=682 (full 108):
 garbage-first heap   total 45056K, used 10996K [0x00000000e0000000, 0x0000000100000000)
  region size 1024K, 1 young (1024K), 1 survivors (1024K)
 Metaspace       used 33731K, committed 33984K, reserved 1114112K
  class space    used 3433K, committed 3584K, reserved 1048576K
}
Event: 19594.432 GC heap before
{Heap before GC invocations=682 (full 108):
 garbage-first heap   total 45056K, used 17140K [0x00000000e0000000, 0x0000000100000000)
  region size 1024K, 2 young (2048K), 1 survivors (1024K)
 Metaspace       used 33731K, committed 33984K, reserved 1114112K
  class space    used 3433K, committed 3584K, reserved 1048576K
}
Event: 19594.432 GC heap after
{Heap after GC invocations=683 (full 108):
 garbage-first heap   total 45056K, used 10995K [0x00000000e0000000, 0x0000000100000000)
  region size 1024K, 1 young (1024K), 1 survivors (1024K)
 Metaspace       used 33731K, committed 33984K, reserved 1114112K
  class space    used 3433K, committed 3584K, reserved 1048576K
}
Event: 19594.433 GC heap before
{Heap before GC invocations=683 (full 108):
 garbage-first heap   total 45056K, used 17139K [0x00000000e0000000, 0x0000000100000000)
  region size 1024K, 2 young (2048K), 1 survivors (1024K)
 Metaspace       used 33731K, committed 33984K, reserved 1114112K
  class space    used 3433K, committed 3584K, reserved 1048576K
}
Event: 19594.434 GC heap after
{Heap after GC invocations=684 (full 108):
 garbage-first heap   total 45056K, used 10996K [0x00000000e0000000, 0x0000000100000000)
  region size 1024K, 1 young (1024K), 1 survivors (1024K)
 Metaspace       used 33731K, committed 33984K, reserved 1114112K
  class space    used 3433K, committed 3584K, reserved 1048576K
}
Event: 19594.434 GC heap before
{Heap before GC invocations=684 (full 108):
 garbage-first heap   total 45056K, used 17140K [0x00000000e0000000, 0x0000000100000000)
  region size 1024K, 2 young (2048K), 1 survivors (1024K)
 Metaspace       used 33731K, committed 33984K, reserved 1114112K
  class space    used 3433K, committed 3584K, reserved 1048576K
}
Event: 19594.435 GC heap after
{Heap after GC invocations=685 (full 108):
 garbage-first heap   total 45056K, used 10999K [0x00000000e0000000, 0x0000000100000000)
  region size 1024K, 1 young (1024K), 1 survivors (1024K)
 Metaspace       used 33731K, committed 33984K, reserved 1114112K
  class space    used 3433K, committed 3584K, reserved 1048576K
}
Event: 19594.437 GC heap before
{Heap before GC invocations=685 (full 108):
 garbage-first heap   total 45056K, used 17143K [0x00000000e0000000, 0x0000000100000000)
  region size 1024K, 2 young (2048K), 1 survivors (1024K)
 Metaspace       used 33731K, committed 33984K, reserved 1114112K
  class space    used 3433K, committed 3584K, reserved 1048576K
}
Event: 19594.438 GC heap after
{Heap after GC invocations=686 (full 108):
 garbage-first heap   total 45056K, used 10999K [0x00000000e0000000, 0x0000000100000000)
  region size 1024K, 1 young (1024K), 1 survivors (1024K)
 Metaspace       used 33731K, committed 33984K, reserved 1114112K
  class space    used 3433K, committed 3584K, reserved 1048576K
}
Event: 19594.439 GC heap before
{Heap before GC invocations=686 (full 108):
 garbage-first heap   total 45056K, used 17143K [0x00000000e0000000, 0x0000000100000000)
  region size 1024K, 2 young (2048K), 1 survivors (1024K)
 Metaspace       used 33731K, committed 33984K, reserved 1114112K
  class space    used 3433K, committed 3584K, reserved 1048576K
}
Event: 19594.440 GC heap after
{Heap after GC invocations=687 (full 108):
 garbage-first heap   total 151552K, used 10999K [0x00000000e0000000, 0x0000000100000000)
  region size 1024K, 1 young (1024K), 1 survivors (1024K)
 Metaspace       used 33731K, committed 33984K, reserved 1114112K
  class space    used 3433K, committed 3584K, reserved 1048576K
}
Event: 19594.643 GC heap before
{Heap before GC invocations=687 (full 108):
 garbage-first heap   total 151552K, used 58103K [0x00000000e0000000, 0x0000000100000000)
  region size 1024K, 6 young (6144K), 1 survivors (1024K)
 Metaspace       used 33732K, committed 33984K, reserved 1114112K
  class space    used 3433K, committed 3584K, reserved 1048576K
}

